# JRE version: Java(TM) SE Runtime Environment (17.0.10+11) (build 17.0.10+11-LTS-240)
# Java VM: Java HotSpot(TM) 64-Bit Server VM (17.0.10+11-LTS-240, mixed mode, emulated-client, sharing, tiered, compressed oops, compressed class ptrs, g1 gc, windows-amd64)
GC Precious Log:
 CPUs: 20 total, 20 available
 Memory: 7880M
 Large Page Support: Disabled
 NUMA Support: Disabled
 Compressed Oops: Enabled (32-bit)
 Heap Region Size: 1M
 Heap Min Capacity: 8M
 Heap Initial Capacity: 124M
 Heap Max Capacity: 1972M
 Pre-touch: Disabled
 Parallel Workers: 15
 Concurrent Workers: 4
 Concurrent Refinement Workers: 15
 Periodic GC: Disabled
Heap:
 garbage-first heap   total 103424K, used 63815K [0x0000000084c00000, 0x0000000100000000)
  region size 1024K, 4 young (4096K), 4 survivors (4096K)
 Metaspace       used 69509K, committed 70016K, reserved 1114112K
  class space    used 9998K, committed 10240K, reserved 1048576K
GC Heap History (20 events):
Event: 3.867 GC heap after
{Heap after GC invocations=8 (full 0):
 garbage-first heap   total 116736K, used 18940K [0x0000000084c00000, 0x0000000100000000)
  region size 1024K, 2 young (2048K), 2 survivors (2048K)
 Metaspace       used 27020K, committed 27392K, reserved 1114112K
  class space    used 3699K, committed 3840K, reserved 1048576K
}
Event: 4.362 GC heap before
{Heap before GC invocations=8 (full 0):
 garbage-first heap   total 116736K, used 78332K [0x0000000084c00000, 0x0000000100000000)
  region size 1024K, 60 young (61440K), 2 survivors (2048K)
 Metaspace       used 35512K, committed 35968K, reserved 1114112K
  class space    used 5045K, committed 5312K, reserved 1048576K
}
Event: 4.369 GC heap after
{Heap after GC invocations=9 (full 0):
 garbage-first heap   total 116736K, used 23592K [0x0000000084c00000, 0x0000000100000000)
  region size 1024K, 7 young (7168K), 7 survivors (7168K)
 Metaspace       used 35512K, committed 35968K, reserved 1114112K
  class space    used 5045K, committed 5312K, reserved 1048576K
}
Event: 4.933 GC heap before
{Heap before GC invocations=10 (full 0):
 garbage-first heap   total 86016K, used 67624K [0x0000000084c00000, 0x0000000100000000)
  region size 1024K, 50 young (51200K), 7 survivors (7168K)
 Metaspace       used 49023K, committed 49600K, reserved 1114112K
  class space    used 6874K, committed 7168K, reserved 1048576K
}
Event: 4.937 GC heap after
{Heap after GC invocations=11 (full 0):
 garbage-first heap   total 86016K, used 27053K [0x0000000084c00000, 0x0000000100000000)
  region size 1024K, 4 young (4096K), 4 survivors (4096K)
 Metaspace       used 49023K, committed 49600K, reserved 1114112K
  class space    used 6874K, committed 7168K, reserved 1048576K
}
Event: 5.263 GC heap before
{Heap before GC invocations=11 (full 0):
 garbage-first heap   total 86016K, used 63917K [0x0000000084c00000, 0x0000000100000000)
  region size 1024K, 41 young (41984K), 4 survivors (4096K)
 Metaspace       used 58401K, committed 58944K, reserved 1114112K
  class space    used 8363K, committed 8640K, reserved 1048576K
}
Event: 5.266 GC heap after
{Heap after GC invocations=12 (full 0):
 garbage-first heap   total 86016K, used 29255K [0x0000000084c00000, 0x0000000100000000)
  region size 1024K, 3 young (3072K), 3 survivors (3072K)
 Metaspace       used 58401K, committed 58944K, reserved 1114112K
  class space    used 8363K, committed 8640K, reserved 1048576K
}
Event: 5.319 GC heap before
{Heap before GC invocations=12 (full 0):
 garbage-first heap   total 86016K, used 35399K [0x0000000084c00000, 0x0000000100000000)
  region size 1024K, 10 young (10240K), 3 survivors (3072K)
 Metaspace       used 59570K, committed 60096K, reserved 1114112K
  class space    used 8562K, committed 8832K, reserved 1048576K
}
Event: 5.321 GC heap after
{Heap after GC invocations=13 (full 0):
 garbage-first heap   total 86016K, used 29322K [0x0000000084c00000, 0x0000000100000000)
  region size 1024K, 3 young (3072K), 3 survivors (3072K)
 Metaspace       used 59570K, committed 60096K, reserved 1114112K
  class space    used 8562K, committed 8832K, reserved 1048576K
}
Event: 5.680 GC heap before
{Heap before GC invocations=14 (full 0):
 garbage-first heap   total 86016K, used 67210K [0x0000000084c00000, 0x0000000100000000)
  region size 1024K, 40 young (40960K), 3 survivors (3072K)
 Metaspace       used 65614K, committed 66176K, reserved 1114112K
  class space    used 9484K, committed 9728K, reserved 1048576K
}
Event: 5.685 GC heap after
{Heap after GC invocations=15 (full 0):
 garbage-first heap   total 86016K, used 31798K [0x0000000084c00000, 0x0000000100000000)
  region size 1024K, 5 young (5120K), 5 survivors (5120K)
 Metaspace       used 65614K, committed 66176K, reserved 1114112K
  class space    used 9484K, committed 9728K, reserved 1048576K
}
Event: 5.932 GC heap before
{Heap before GC invocations=15 (full 0):
 garbage-first heap   total 86016K, used 67638K [0x0000000084c00000, 0x0000000100000000)
  region size 1024K, 40 young (40960K), 5 survivors (5120K)
 Metaspace       used 69261K, committed 69824K, reserved 1114112K
  class space    used 9969K, committed 10240K, reserved 1048576K
}
Event: 5.936 GC heap after
{Heap after GC invocations=16 (full 0):
 garbage-first heap   total 103424K, used 34330K [0x0000000084c00000, 0x0000000100000000)
  region size 1024K, 5 young (5120K), 5 survivors (5120K)
 Metaspace       used 69261K, committed 69824K, reserved 1114112K
  class space    used 9969K, committed 10240K, reserved 1048576K
}
Event: 5.983 GC heap before
{Heap before GC invocations=16 (full 0):
 garbage-first heap   total 103424K, used 84506K [0x0000000084c00000, 0x0000000100000000)
  region size 1024K, 52 young (53248K), 5 survivors (5120K)
 Metaspace       used 69429K, committed 69952K, reserved 1114112K
  class space    used 9986K, committed 10240K, reserved 1048576K
}
Event: 5.989 GC heap after
{Heap after GC invocations=17 (full 0):
 garbage-first heap   total 103424K, used 44772K [0x0000000084c00000, 0x0000000100000000)
  region size 1024K, 7 young (7168K), 7 survivors (7168K)
 Metaspace       used 69429K, committed 69952K, reserved 1114112K
  class space    used 9986K, committed 10240K, reserved 1048576K
}
Event: 6.029 GC heap before
{Heap before GC invocations=17 (full 0):
 garbage-first heap   total 103424K, used 78564K [0x0000000084c00000, 0x0000000100000000)
  region size 1024K, 40 young (40960K), 7 survivors (7168K)
 Metaspace       used 69509K, committed 70016K, reserved 1114112K
  class space    used 9998K, committed 10240K, reserved 1048576K
}
Event: 6.036 GC heap after
{Heap after GC invocations=18 (full 0):
 garbage-first heap   total 103424K, used 54310K [0x0000000084c00000, 0x0000000100000000)
  region size 1024K, 5 young (5120K), 5 survivors (5120K)
 Metaspace       used 69509K, committed 70016K, reserved 1114112K
  class space    used 9998K, committed 10240K, reserved 1048576K
}
Event: 6.045 GC heap before
{Heap before GC invocations=18 (full 0):
 garbage-first heap   total 103424K, used 61478K [0x0000000084c00000, 0x0000000100000000)
  region size 1024K, 13 young (13312K), 5 survivors (5120K)
 Metaspace       used 69509K, committed 70016K, reserved 1114112K
  class space    used 9998K, committed 10240K, reserved 1048576K
}
Event: 6.048 GC heap after
{Heap after GC invocations=19 (full 0):
 garbage-first heap   total 103424K, used 57171K [0x0000000084c00000, 0x0000000100000000)
  region size 1024K, 3 young (3072K), 3 survivors (3072K)
 Metaspace       used 69509K, committed 70016K, reserved 1114112K
  class space    used 9998K, committed 10240K, reserved 1048576K
}
Event: 6.065 GC heap before
{Heap before GC invocations=19 (full 0):
 garbage-first heap   total 103424K, used 80723K [0x0000000084c00000, 0x0000000100000000)
  region size 1024K, 25 young (25600K), 3 survivors (3072K)
 Metaspace       used 69509K, committed 70016K, reserved 1114112K
  class space    used 9998K, committed 10240K, reserved 1048576K
}

